<?xml version="1.0" encoding="UTF-8"?>
<testng-results skipped="0" failed="0" ignored="0" total="1" passed="1">
  <reporter-output>
  </reporter-output>
  <suite name="Default suite" duration-ms="25" started-at="2018-05-28T02:47:35Z" finished-at="2018-05-28T02:47:35Z">
    <groups>
    </groups>
    <test name="Default test" duration-ms="25" started-at="2018-05-28T02:47:35Z" finished-at="2018-05-28T02:47:35Z">
      <class name="Demographic.PatientAddress">
        <test-method status="PASS" signature="beforeMethod()[pri:0, instance:Demographic.PatientAddress@5419f379]" name="beforeMethod" is-config="true" duration-ms="5" started-at="2018-05-28T02:47:35Z" finished-at="2018-05-28T02:47:35Z">
          <reporter-output>
          </reporter-output>
        </test-method> <!-- beforeMethod -->
        <test-method status="PASS" signature="f()[pri:0, instance:Demographic.PatientAddress@5419f379]" name="f" duration-ms="4" started-at="2018-05-28T02:47:35Z" finished-at="2018-05-28T02:47:35Z">
          <reporter-output>
          </reporter-output>
        </test-method> <!-- f -->
        <test-method status="PASS" signature="afterMethod()[pri:0, instance:Demographic.PatientAddress@5419f379]" name="afterMethod" is-config="true" duration-ms="0" started-at="2018-05-28T02:47:35Z" finished-at="2018-05-28T02:47:35Z">
          <reporter-output>
          </reporter-output>
        </test-method> <!-- afterMethod -->
      </class> <!-- Demographic.PatientAddress -->
    </test> <!-- Default test -->
  </suite> <!-- Default suite -->
</testng-results>
